# JRE version: Java(TM) SE Runtime Environment 18.9 (11.0.13+10) (build 11.0.13+10-LTS-370)
# Java VM: Java HotSpot(TM) 64-Bit Server VM 18.9 (11.0.13+10-LTS-370, mixed mode, tiered, compressed oops, g1 gc, windows-amd64)
Heap:
 garbage-first heap   total 206848K, used 60675K [0x00000000a1000000, 0x0000000100000000)
  region size 1024K, 9 young (9216K), 9 survivors (9216K)
 Metaspace       used 69691K, capacity 71263K, committed 71376K, reserved 1112064K
  class space    used 8946K, capacity 9626K, committed 9676K, reserved 1048576K
GC Heap History (10 events):
Event: 17.667 GC heap after
{Heap after GC invocations=25 (full 0):
 garbage-first heap   total 143360K, used 46677K [0x00000000a1000000, 0x0000000100000000)
  region size 1024K, 7 young (7168K), 7 survivors (7168K)
 Metaspace       used 62266K, capacity 63725K, committed 63952K, reserved 1105920K
  class space    used 8037K, capacity 8605K, committed 8652K, reserved 1048576K
}
Event: 17.855 GC heap before
{Heap before GC invocations=25 (full 0):
 garbage-first heap   total 143360K, used 116309K [0x00000000a1000000, 0x0000000100000000)
  region size 1024K, 75 young (76800K), 7 survivors (7168K)
 Metaspace       used 62604K, capacity 64109K, committed 64336K, reserved 1105920K
  class space    used 8070K, capacity 8669K, committed 8780K, reserved 1048576K
}
Event: 17.869 GC heap after
{Heap after GC invocations=26 (full 0):
 garbage-first heap   total 172032K, used 49611K [0x00000000a1000000, 0x0000000100000000)
  region size 1024K, 8 young (8192K), 8 survivors (8192K)
 Metaspace       used 62604K, capacity 64109K, committed 64336K, reserved 1105920K
  class space    used 8070K, capacity 8669K, committed 8780K, reserved 1048576K
}
Event: 18.029 GC heap before
{Heap before GC invocations=26 (full 0):
 garbage-first heap   total 172032K, used 129483K [0x00000000a1000000, 0x0000000100000000)
  region size 1024K, 86 young (88064K), 8 survivors (8192K)
 Metaspace       used 62873K, capacity 64307K, committed 64592K, reserved 1105920K
  class space    used 8096K, capacity 8670K, committed 8780K, reserved 1048576K
}
Event: 18.041 GC heap after
{Heap after GC invocations=27 (full 0):
 garbage-first heap   total 172032K, used 51892K [0x00000000a1000000, 0x0000000100000000)
  region size 1024K, 8 young (8192K), 8 survivors (8192K)
 Metaspace       used 62873K, capacity 64307K, committed 64592K, reserved 1105920K
  class space    used 8096K, capacity 8670K, committed 8780K, reserved 1048576K
}
Event: 18.836 GC heap before
{Heap before GC invocations=27 (full 0):
 garbage-first heap   total 172032K, used 135860K [0x00000000a1000000, 0x0000000100000000)
  region size 1024K, 90 young (92160K), 8 survivors (8192K)
 Metaspace       used 66104K, capacity 67621K, committed 67792K, reserved 1107968K
  class space    used 8449K, capacity 9037K, committed 9164K, reserved 1048576K
}
Event: 18.849 GC heap after
{Heap after GC invocations=28 (full 0):
 garbage-first heap   total 172032K, used 54484K [0x00000000a1000000, 0x0000000100000000)
  region size 1024K, 8 young (8192K), 8 survivors (8192K)
 Metaspace       used 66104K, capacity 67621K, committed 67792K, reserved 1107968K
  class space    used 8449K, capacity 9037K, committed 9164K, reserved 1048576K
}
Event: 19.779 GC heap before
{Heap before GC invocations=28 (full 0):
 garbage-first heap   total 172032K, used 139476K [0x00000000a1000000, 0x0000000100000000)
  region size 1024K, 91 young (93184K), 8 survivors (8192K)
 Metaspace       used 68095K, capacity 69714K, committed 69840K, reserved 1110016K
  class space    used 8719K, capacity 9390K, committed 9420K, reserved 1048576K
}
Event: 19.793 GC heap after
{Heap after GC invocations=29 (full 0):
 garbage-first heap   total 172032K, used 57556K [0x00000000a1000000, 0x0000000100000000)
  region size 1024K, 8 young (8192K), 8 survivors (8192K)
 Metaspace       used 68095K, capacity 69714K, committed 69840K, reserved 1110016K
  class space    used 8719K, capacity 9390K, committed 9420K, reserved 1048576K
}
Event: 21.757 GC heap before
{Heap before GC invocations=29 (full 0):
 garbage-first heap   total 172032K, used 141524K [0x00000000a1000000, 0x0000000100000000)
  region size 1024K, 90 young (92160K), 8 survivors (8192K)
 Metaspace       used 69691K, capacity 71263K, committed 71376K, reserved 1112064K
  class space    used 8946K, capacity 9626K, committed 9676K, reserved 1048576K
}

