# JRE version: Java(TM) SE Runtime Environment 18.9 (11.0.13+10) (build 11.0.13+10-LTS-370)
# Java VM: Java HotSpot(TM) 64-Bit Server VM 18.9 (11.0.13+10-LTS-370, mixed mode, tiered, compressed oops, g1 gc, windows-amd64)
Heap:
 garbage-first heap   total 143360K, used 35609K [0x00000000a1000000, 0x0000000100000000)
  region size 1024K, 3 young (3072K), 3 survivors (3072K)
 Metaspace       used 44529K, capacity 45747K, committed 45904K, reserved 1089536K
  class space    used 5596K, capacity 6050K, committed 6144K, reserved 1048576K
GC Heap History (10 events):
Event: 8.082 GC heap after
{Heap after GC invocations=11 (full 0):
 garbage-first heap   total 118784K, used 20326K [0x00000000a1000000, 0x0000000100000000)
  region size 1024K, 6 young (6144K), 6 survivors (6144K)
 Metaspace       used 33216K, capacity 34172K, committed 34480K, reserved 1079296K
  class space    used 4141K, capacity 4530K, committed 4608K, reserved 1048576K
}
Event: 8.583 GC heap before
{Heap before GC invocations=11 (full 0):
 garbage-first heap   total 118784K, used 47974K [0x00000000a1000000, 0x0000000100000000)
  region size 1024K, 34 young (34816K), 6 survivors (6144K)
 Metaspace       used 34831K, capacity 35829K, committed 35920K, reserved 1081344K
  class space    used 4430K, capacity 4824K, committed 4864K, reserved 1048576K
}
Event: 8.591 GC heap after
{Heap after GC invocations=12 (full 0):
 garbage-first heap   total 118784K, used 21871K [0x00000000a1000000, 0x0000000100000000)
  region size 1024K, 6 young (6144K), 6 survivors (6144K)
 Metaspace       used 34831K, capacity 35829K, committed 35920K, reserved 1081344K
  class space    used 4430K, capacity 4824K, committed 4864K, reserved 1048576K
}
Event: 9.485 GC heap before
{Heap before GC invocations=13 (full 0):
 garbage-first heap   total 118784K, used 82287K [0x00000000a1000000, 0x0000000100000000)
  region size 1024K, 65 young (66560K), 6 survivors (6144K)
 Metaspace       used 39327K, capacity 40425K, committed 40656K, reserved 1085440K
  class space    used 4982K, capacity 5408K, committed 5504K, reserved 1048576K
}
Event: 9.499 GC heap after
{Heap after GC invocations=14 (full 0):
 garbage-first heap   total 118784K, used 25141K [0x00000000a1000000, 0x0000000100000000)
  region size 1024K, 8 young (8192K), 8 survivors (8192K)
 Metaspace       used 39327K, capacity 40425K, committed 40656K, reserved 1085440K
  class space    used 4982K, capacity 5408K, committed 5504K, reserved 1048576K
}
Event: 10.464 GC heap before
{Heap before GC invocations=14 (full 0):
 garbage-first heap   total 118784K, used 86581K [0x00000000a1000000, 0x0000000100000000)
  region size 1024K, 68 young (69632K), 8 survivors (8192K)
 Metaspace       used 43824K, capacity 45042K, committed 45264K, reserved 1089536K
  class space    used 5530K, capacity 6010K, committed 6016K, reserved 1048576K
}
Event: 10.479 GC heap after
{Heap after GC invocations=15 (full 0):
 garbage-first heap   total 118784K, used 32150K [0x00000000a1000000, 0x0000000100000000)
  region size 1024K, 9 young (9216K), 9 survivors (9216K)
 Metaspace       used 43824K, capacity 45042K, committed 45264K, reserved 1089536K
  class space    used 5530K, capacity 6010K, committed 6016K, reserved 1048576K
}
Event: 10.635 GC heap before
{Heap before GC invocations=15 (full 0):
 garbage-first heap   total 118784K, used 86422K [0x00000000a1000000, 0x0000000100000000)
  region size 1024K, 63 young (64512K), 9 survivors (9216K)
 Metaspace       used 43832K, capacity 45048K, committed 45264K, reserved 1089536K
  class space    used 5531K, capacity 6011K, committed 6016K, reserved 1048576K
}
Event: 10.648 GC heap after
{Heap after GC invocations=16 (full 0):
 garbage-first heap   total 118784K, used 35397K [0x00000000a1000000, 0x0000000100000000)
  region size 1024K, 3 young (3072K), 3 survivors (3072K)
 Metaspace       used 43832K, capacity 45048K, committed 45264K, reserved 1089536K
  class space    used 5531K, capacity 6011K, committed 6016K, reserved 1048576K
}
Event: 10.865 GC heap before
{Heap before GC invocations=16 (full 0):
 garbage-first heap   total 118784K, used 89669K [0x00000000a1000000, 0x0000000100000000)
  region size 1024K, 56 young (57344K), 3 survivors (3072K)
 Metaspace       used 44529K, capacity 45747K, committed 45904K, reserved 1089536K
  class space    used 5596K, capacity 6050K, committed 6144K, reserved 1048576K
}

